# JRE version: Java(TM) SE Runtime Environment (23.0+37) (build 23+37-2369)
# Java VM: Java HotSpot(TM) 64-Bit Server VM (23+37-2369, mixed mode, emulated-client, sharing, tiered, compressed oops, compressed class ptrs, g1 gc, windows-amd64)
GC Precious Log:
 CardTable entry size: 512
 Card Set container configuration: InlinePtr #cards 4 size 8 Array Of Cards #cards 16 size 48 Howl #buckets 8 coarsen threshold 3686 Howl Bitmap #cards 512 size 80 coarsen threshold 460 Card regions per heap region 1 cards per card region 4096
 CPUs: 12 total, 12 available
 Memory: 16122M
 Large Page Support: Disabled
 NUMA Support: Disabled
 Compressed Oops: Enabled (Zero based)
 Heap Region Size: 2M
 Heap Min Capacity: 8M
 Heap Initial Capacity: 252M
 Heap Max Capacity: 4032M
 Pre-touch: Disabled
 Parallel Workers: 10
 Concurrent Workers: 3
 Concurrent Refinement Workers: 10
 Periodic GC: Disabled
Heap:
 garbage-first heap   total reserved 4128768K, committed 108544K, used 93666K [0x0000000704000000, 0x0000000800000000)
  region size 2048K, 25 young (51200K), 2 survivors (4096K)
 Metaspace       used 81153K, committed 81856K, reserved 1179648K
  class space    used 12184K, committed 12480K, reserved 1048576K
GC Heap History (20 events):
Event: 2.817 GC heap before
{Heap before GC invocations=8 (full 0):
 garbage-first heap   total reserved 4128768K, committed 90112K, used 67183K [0x0000000704000000, 0x0000000800000000)
  region size 2048K, 24 young (49152K), 3 survivors (6144K)
 Metaspace       used 44749K, committed 45376K, reserved 1114112K
  class space    used 6507K, committed 6784K, reserved 1048576K
}
Event: 2.827 GC heap after
{Heap after GC invocations=9 (full 0):
 garbage-first heap   total reserved 4128768K, committed 90112K, used 27100K [0x0000000704000000, 0x0000000800000000)
  region size 2048K, 2 young (4096K), 2 survivors (4096K)
 Metaspace       used 44749K, committed 45376K, reserved 1114112K
  class space    used 6507K, committed 6784K, reserved 1048576K
}
Event: 3.356 GC heap before
{Heap before GC invocations=9 (full 0):
 garbage-first heap   total reserved 4128768K, committed 90112K, used 68060K [0x0000000704000000, 0x0000000800000000)
  region size 2048K, 22 young (45056K), 2 survivors (4096K)
 Metaspace       used 52860K, committed 53440K, reserved 1114112K
  class space    used 7583K, committed 7808K, reserved 1048576K
}
Event: 3.364 GC heap after
{Heap after GC invocations=10 (full 0):
 garbage-first heap   total reserved 4128768K, committed 90112K, used 30105K [0x0000000704000000, 0x0000000800000000)
  region size 2048K, 3 young (6144K), 3 survivors (6144K)
 Metaspace       used 52860K, committed 53440K, reserved 1114112K
  class space    used 7583K, committed 7808K, reserved 1048576K
}
Event: 3.770 GC heap before
{Heap before GC invocations=10 (full 0):
 garbage-first heap   total reserved 4128768K, committed 90112K, used 71065K [0x0000000704000000, 0x0000000800000000)
  region size 2048K, 24 young (49152K), 3 survivors (6144K)
 Metaspace       used 59130K, committed 59776K, reserved 1114112K
  class space    used 8663K, committed 8896K, reserved 1048576K
}
Event: 3.777 GC heap after
{Heap after GC invocations=11 (full 0):
 garbage-first heap   total reserved 4128768K, committed 90112K, used 31170K [0x0000000704000000, 0x0000000800000000)
  region size 2048K, 2 young (4096K), 2 survivors (4096K)
 Metaspace       used 59130K, committed 59776K, reserved 1114112K
  class space    used 8663K, committed 8896K, reserved 1048576K
}
Event: 3.828 GC heap before
{Heap before GC invocations=11 (full 0):
 garbage-first heap   total reserved 4128768K, committed 90112K, used 35266K [0x0000000704000000, 0x0000000800000000)
  region size 2048K, 5 young (10240K), 2 survivors (4096K)
 Metaspace       used 59872K, committed 60480K, reserved 1114112K
  class space    used 8775K, committed 9024K, reserved 1048576K
}
Event: 3.832 GC heap after
{Heap after GC invocations=12 (full 0):
 garbage-first heap   total reserved 4128768K, committed 90112K, used 31681K [0x0000000704000000, 0x0000000800000000)
  region size 2048K, 1 young (2048K), 1 survivors (2048K)
 Metaspace       used 59872K, committed 60480K, reserved 1114112K
  class space    used 8775K, committed 9024K, reserved 1048576K
}
Event: 4.520 GC heap before
{Heap before GC invocations=13 (full 0):
 garbage-first heap   total reserved 4128768K, committed 90112K, used 74689K [0x0000000704000000, 0x0000000800000000)
  region size 2048K, 23 young (47104K), 1 survivors (2048K)
 Metaspace       used 67986K, committed 68672K, reserved 1114112K
  class space    used 10138K, committed 10432K, reserved 1048576K
}
Event: 4.527 GC heap after
{Heap after GC invocations=14 (full 0):
 garbage-first heap   total reserved 4128768K, committed 90112K, used 35411K [0x0000000704000000, 0x0000000800000000)
  region size 2048K, 3 young (6144K), 3 survivors (6144K)
 Metaspace       used 67986K, committed 68672K, reserved 1114112K
  class space    used 10138K, committed 10432K, reserved 1048576K
}
Event: 4.752 GC heap before
{Heap before GC invocations=14 (full 0):
 garbage-first heap   total reserved 4128768K, committed 90112K, used 74323K [0x0000000704000000, 0x0000000800000000)
  region size 2048K, 23 young (47104K), 3 survivors (6144K)
 Metaspace       used 71555K, committed 72256K, reserved 1114112K
  class space    used 10780K, committed 11072K, reserved 1048576K
}
Event: 4.760 GC heap after
{Heap after GC invocations=15 (full 0):
 garbage-first heap   total reserved 4128768K, committed 90112K, used 36984K [0x0000000704000000, 0x0000000800000000)
  region size 2048K, 2 young (4096K), 2 survivors (4096K)
 Metaspace       used 71555K, committed 72256K, reserved 1114112K
  class space    used 10780K, committed 11072K, reserved 1048576K
}
Event: 4.881 GC heap before
{Heap before GC invocations=15 (full 0):
 garbage-first heap   total reserved 4128768K, committed 90112K, used 77944K [0x0000000704000000, 0x0000000800000000)
  region size 2048K, 22 young (45056K), 2 survivors (4096K)
 Metaspace       used 71803K, committed 72512K, reserved 1114112K
  class space    used 10829K, committed 11136K, reserved 1048576K
}
Event: 4.884 GC heap after
{Heap after GC invocations=16 (full 0):
 garbage-first heap   total reserved 4128768K, committed 108544K, used 41821K [0x0000000704000000, 0x0000000800000000)
  region size 2048K, 3 young (6144K), 3 survivors (6144K)
 Metaspace       used 71803K, committed 72512K, reserved 1114112K
  class space    used 10829K, committed 11136K, reserved 1048576K
}
Event: 5.031 GC heap before
{Heap before GC invocations=16 (full 0):
 garbage-first heap   total reserved 4128768K, committed 108544K, used 90973K [0x0000000704000000, 0x0000000800000000)
  region size 2048K, 27 young (55296K), 3 survivors (6144K)
 Metaspace       used 72088K, committed 72768K, reserved 1114112K
  class space    used 10867K, committed 11200K, reserved 1048576K
}
Event: 5.036 GC heap after
{Heap after GC invocations=17 (full 0):
 garbage-first heap   total reserved 4128768K, committed 108544K, used 48396K [0x0000000704000000, 0x0000000800000000)
  region size 2048K, 3 young (6144K), 3 survivors (6144K)
 Metaspace       used 72088K, committed 72768K, reserved 1114112K
  class space    used 10867K, committed 11200K, reserved 1048576K
}
Event: 5.097 GC heap before
{Heap before GC invocations=17 (full 0):
 garbage-first heap   total reserved 4128768K, committed 108544K, used 93452K [0x0000000704000000, 0x0000000800000000)
  region size 2048K, 25 young (51200K), 3 survivors (6144K)
 Metaspace       used 72096K, committed 72832K, reserved 1114112K
  class space    used 10869K, committed 11200K, reserved 1048576K
}
Event: 5.099 GC heap after
{Heap after GC invocations=18 (full 0):
 garbage-first heap   total reserved 4128768K, committed 108544K, used 47819K [0x0000000704000000, 0x0000000800000000)
  region size 2048K, 2 young (4096K), 2 survivors (4096K)
 Metaspace       used 72096K, committed 72832K, reserved 1114112K
  class space    used 10869K, committed 11200K, reserved 1048576K
}
Event: 5.536 GC heap before
{Heap before GC invocations=19 (full 0):
 garbage-first heap   total reserved 4128768K, committed 108544K, used 92875K [0x0000000704000000, 0x0000000800000000)
  region size 2048K, 24 young (49152K), 2 survivors (4096K)
 Metaspace       used 74886K, committed 75648K, reserved 1114112K
  class space    used 11303K, committed 11648K, reserved 1048576K
}
Event: 5.539 GC heap after
{Heap after GC invocations=20 (full 0):
 garbage-first heap   total reserved 4128768K, committed 108544K, used 48610K [0x0000000704000000, 0x0000000800000000)
  region size 2048K, 2 young (4096K), 2 survivors (4096K)
 Metaspace       used 74886K, committed 75648K, reserved 1114112K
  class space    used 11303K, committed 11648K, reserved 1048576K
}

